<?xml version="1.0" encoding="UTF-8"?>
<!-- Generated by org.testng.reporters.JUnitXMLReporter -->
<testsuite ignored="0" hostname="Mitu" failures="0" tests="6" name="Test" time="44.395" errors="0" timestamp="2024-03-23T11:21:38 PDT">
  <testcase classname="testCases.TestNGdemos" name="abc" time="0.005"/>
  <testcase classname="testCases.TestNGdemos" name="test" time="0.001"/>
  <testcase classname="testCases.TestNGdemos" name="test1" time="0.001"/>
  <testcase classname="testCases.TestNGdemos2" name="abc" time="0.001"/>
  <testcase classname="testCases.TestNGdemos2" name="test" time="0.002"/>
  <testcase classname="testCases.TestNGdemos2" name="test1" time="0.001"/>
</testsuite> <!-- Test -->
